<?xml version="1.0" encoding="UTF-8"?>
<testsuites tests="13" failures="9" disabled="0" errors="0" time="0.002" timestamp="2026-01-23T13:11:57.411" name="AllTests">
  <testsuite name="BGVEvaluatorV2Test" tests="13" failures="9" disabled="0" skipped="0" errors="0" time="0.002" timestamp="2026-01-23T13:11:57.411">
    <testcase name="SecretKeyGeneration" file="D:\pyproject\kctsb\tests\test_bgv_evaluator_v2.cpp" line="49" status="run" result="completed" time="0." timestamp="2026-01-23T13:11:57.411" classname="BGVEvaluatorV2Test" />
    <testcase name="PublicKeyGeneration" file="D:\pyproject\kctsb\tests\test_bgv_evaluator_v2.cpp" line="58" status="run" result="completed" time="0." timestamp="2026-01-23T13:11:57.412" classname="BGVEvaluatorV2Test" />
    <testcase name="RelinKeyGeneration" file="D:\pyproject\kctsb\tests\test_bgv_evaluator_v2.cpp" line="69" status="run" result="completed" time="0." timestamp="2026-01-23T13:11:57.412" classname="BGVEvaluatorV2Test" />
    <testcase name="EncryptDecryptZero" file="D:\pyproject\kctsb\tests\test_bgv_evaluator_v2.cpp" line="88" status="run" result="completed" time="0." timestamp="2026-01-23T13:11:57.412" classname="BGVEvaluatorV2Test" />
    <testcase name="EncryptDecryptSimple" file="D:\pyproject\kctsb\tests\test_bgv_evaluator_v2.cpp" line="113" status="run" result="completed" time="0." timestamp="2026-01-23T13:11:57.412" classname="BGVEvaluatorV2Test">
      <failure message="D:\pyproject\kctsb\tests\test_bgv_evaluator_v2.cpp:130&#x0A;Expected equality of these values:&#x0A;  pt_decrypted[i]&#x0A;    Which is: 0&#x0A;  pt[i]&#x0A;    Which is: 1&#x0A;Mismatch at index 0&#x0A;" type=""><![CDATA[D:\pyproject\kctsb\tests\test_bgv_evaluator_v2.cpp:130
Expected equality of these values:
  pt_decrypted[i]
    Which is: 0
  pt[i]
    Which is: 1
Mismatch at index 0
]]></failure>
      <failure message="D:\pyproject\kctsb\tests\test_bgv_evaluator_v2.cpp:130&#x0A;Expected equality of these values:&#x0A;  pt_decrypted[i]&#x0A;    Which is: 0&#x0A;  pt[i]&#x0A;    Which is: 2&#x0A;Mismatch at index 1&#x0A;" type=""><![CDATA[D:\pyproject\kctsb\tests\test_bgv_evaluator_v2.cpp:130
Expected equality of these values:
  pt_decrypted[i]
    Which is: 0
  pt[i]
    Which is: 2
Mismatch at index 1
]]></failure>
      <failure message="D:\pyproject\kctsb\tests\test_bgv_evaluator_v2.cpp:130&#x0A;Expected equality of these values:&#x0A;  pt_decrypted[i]&#x0A;    Which is: 0&#x0A;  pt[i]&#x0A;    Which is: 3&#x0A;Mismatch at index 2&#x0A;" type=""><![CDATA[D:\pyproject\kctsb\tests\test_bgv_evaluator_v2.cpp:130
Expected equality of these values:
  pt_decrypted[i]
    Which is: 0
  pt[i]
    Which is: 3
Mismatch at index 2
]]></failure>
      <failure message="D:\pyproject\kctsb\tests\test_bgv_evaluator_v2.cpp:130&#x0A;Expected equality of these values:&#x0A;  pt_decrypted[i]&#x0A;    Which is: 0&#x0A;  pt[i]&#x0A;    Which is: 4&#x0A;Mismatch at index 3&#x0A;" type=""><![CDATA[D:\pyproject\kctsb\tests\test_bgv_evaluator_v2.cpp:130
Expected equality of these values:
  pt_decrypted[i]
    Which is: 0
  pt[i]
    Which is: 4
Mismatch at index 3
]]></failure>
    </testcase>
    <testcase name="Addition" file="D:\pyproject\kctsb\tests\test_bgv_evaluator_v2.cpp" line="138" status="run" result="completed" time="0." timestamp="2026-01-23T13:11:57.412" classname="BGVEvaluatorV2Test">
      <failure message="D:\pyproject\kctsb\tests\test_bgv_evaluator_v2.cpp:160&#x0A;Expected equality of these values:&#x0A;  pt_sum[i]&#x0A;    Which is: 0&#x0A;  8&#x0A;Addition failed at index 0&#x0A;" type=""><![CDATA[D:\pyproject\kctsb\tests\test_bgv_evaluator_v2.cpp:160
Expected equality of these values:
  pt_sum[i]
    Which is: 0
  8
Addition failed at index 0
]]></failure>
      <failure message="D:\pyproject\kctsb\tests\test_bgv_evaluator_v2.cpp:160&#x0A;Expected equality of these values:&#x0A;  pt_sum[i]&#x0A;    Which is: 0&#x0A;  8&#x0A;Addition failed at index 1&#x0A;" type=""><![CDATA[D:\pyproject\kctsb\tests\test_bgv_evaluator_v2.cpp:160
Expected equality of these values:
  pt_sum[i]
    Which is: 0
  8
Addition failed at index 1
]]></failure>
      <failure message="D:\pyproject\kctsb\tests\test_bgv_evaluator_v2.cpp:160&#x0A;Expected equality of these values:&#x0A;  pt_sum[i]&#x0A;    Which is: 0&#x0A;  8&#x0A;Addition failed at index 2&#x0A;" type=""><![CDATA[D:\pyproject\kctsb\tests\test_bgv_evaluator_v2.cpp:160
Expected equality of these values:
  pt_sum[i]
    Which is: 0
  8
Addition failed at index 2
]]></failure>
      <failure message="D:\pyproject\kctsb\tests\test_bgv_evaluator_v2.cpp:160&#x0A;Expected equality of these values:&#x0A;  pt_sum[i]&#x0A;    Which is: 0&#x0A;  8&#x0A;Addition failed at index 3&#x0A;" type=""><![CDATA[D:\pyproject\kctsb\tests\test_bgv_evaluator_v2.cpp:160
Expected equality of these values:
  pt_sum[i]
    Which is: 0
  8
Addition failed at index 3
]]></failure>
    </testcase>
    <testcase name="AdditionInplace" file="D:\pyproject\kctsb\tests\test_bgv_evaluator_v2.cpp" line="164" status="run" result="completed" time="0." timestamp="2026-01-23T13:11:57.412" classname="BGVEvaluatorV2Test">
      <failure message="D:\pyproject\kctsb\tests\test_bgv_evaluator_v2.cpp:179&#x0A;Expected equality of these values:&#x0A;  pt_result[i]&#x0A;    Which is: 0&#x0A;  11&#x0A;" type=""><![CDATA[D:\pyproject\kctsb\tests\test_bgv_evaluator_v2.cpp:179
Expected equality of these values:
  pt_result[i]
    Which is: 0
  11
]]></failure>
      <failure message="D:\pyproject\kctsb\tests\test_bgv_evaluator_v2.cpp:179&#x0A;Expected equality of these values:&#x0A;  pt_result[i]&#x0A;    Which is: 0&#x0A;  11&#x0A;" type=""><![CDATA[D:\pyproject\kctsb\tests\test_bgv_evaluator_v2.cpp:179
Expected equality of these values:
  pt_result[i]
    Which is: 0
  11
]]></failure>
      <failure message="D:\pyproject\kctsb\tests\test_bgv_evaluator_v2.cpp:179&#x0A;Expected equality of these values:&#x0A;  pt_result[i]&#x0A;    Which is: 0&#x0A;  11&#x0A;" type=""><![CDATA[D:\pyproject\kctsb\tests\test_bgv_evaluator_v2.cpp:179
Expected equality of these values:
  pt_result[i]
    Which is: 0
  11
]]></failure>
      <failure message="D:\pyproject\kctsb\tests\test_bgv_evaluator_v2.cpp:179&#x0A;Expected equality of these values:&#x0A;  pt_result[i]&#x0A;    Which is: 0&#x0A;  11&#x0A;" type=""><![CDATA[D:\pyproject\kctsb\tests\test_bgv_evaluator_v2.cpp:179
Expected equality of these values:
  pt_result[i]
    Which is: 0
  11
]]></failure>
    </testcase>
    <testcase name="Subtraction" file="D:\pyproject\kctsb\tests\test_bgv_evaluator_v2.cpp" line="187" status="run" result="completed" time="0." timestamp="2026-01-23T13:11:57.412" classname="BGVEvaluatorV2Test">
      <failure message="D:\pyproject\kctsb\tests\test_bgv_evaluator_v2.cpp:201&#x0A;Expected equality of these values:&#x0A;  pt_diff[i]&#x0A;    Which is: 0&#x0A;  7&#x0A;" type=""><![CDATA[D:\pyproject\kctsb\tests\test_bgv_evaluator_v2.cpp:201
Expected equality of these values:
  pt_diff[i]
    Which is: 0
  7
]]></failure>
      <failure message="D:\pyproject\kctsb\tests\test_bgv_evaluator_v2.cpp:201&#x0A;Expected equality of these values:&#x0A;  pt_diff[i]&#x0A;    Which is: 0&#x0A;  7&#x0A;" type=""><![CDATA[D:\pyproject\kctsb\tests\test_bgv_evaluator_v2.cpp:201
Expected equality of these values:
  pt_diff[i]
    Which is: 0
  7
]]></failure>
      <failure message="D:\pyproject\kctsb\tests\test_bgv_evaluator_v2.cpp:201&#x0A;Expected equality of these values:&#x0A;  pt_diff[i]&#x0A;    Which is: 0&#x0A;  7&#x0A;" type=""><![CDATA[D:\pyproject\kctsb\tests\test_bgv_evaluator_v2.cpp:201
Expected equality of these values:
  pt_diff[i]
    Which is: 0
  7
]]></failure>
      <failure message="D:\pyproject\kctsb\tests\test_bgv_evaluator_v2.cpp:201&#x0A;Expected equality of these values:&#x0A;  pt_diff[i]&#x0A;    Which is: 0&#x0A;  7&#x0A;" type=""><![CDATA[D:\pyproject\kctsb\tests\test_bgv_evaluator_v2.cpp:201
Expected equality of these values:
  pt_diff[i]
    Which is: 0
  7
]]></failure>
    </testcase>
    <testcase name="Multiplication" file="D:\pyproject\kctsb\tests\test_bgv_evaluator_v2.cpp" line="209" status="run" result="completed" time="0." timestamp="2026-01-23T13:11:57.413" classname="BGVEvaluatorV2Test">
      <failure message="unknown file&#x0A;C++ exception with description &quot;NTT form mismatch in addition&quot; thrown in the test body.&#x0A;" type=""><![CDATA[unknown file
C++ exception with description "NTT form mismatch in addition" thrown in the test body.
]]></failure>
    </testcase>
    <testcase name="MultiplyAndRelinearize" file="D:\pyproject\kctsb\tests\test_bgv_evaluator_v2.cpp" line="239" status="run" result="completed" time="0." timestamp="2026-01-23T13:11:57.413" classname="BGVEvaluatorV2Test">
      <failure message="unknown file&#x0A;C++ exception with description &quot;NTT form mismatch in addition&quot; thrown in the test body.&#x0A;" type=""><![CDATA[unknown file
C++ exception with description "NTT form mismatch in addition" thrown in the test body.
]]></failure>
    </testcase>
    <testcase name="MultipleOperations" file="D:\pyproject\kctsb\tests\test_bgv_evaluator_v2.cpp" line="267" status="run" result="completed" time="0." timestamp="2026-01-23T13:11:57.413" classname="BGVEvaluatorV2Test">
      <failure message="unknown file&#x0A;C++ exception with description &quot;NTT form mismatch in addition&quot; thrown in the test body.&#x0A;" type=""><![CDATA[unknown file
C++ exception with description "NTT form mismatch in addition" thrown in the test body.
]]></failure>
    </testcase>
    <testcase name="Negation" file="D:\pyproject\kctsb\tests\test_bgv_evaluator_v2.cpp" line="296" status="run" result="completed" time="0." timestamp="2026-01-23T13:11:57.413" classname="BGVEvaluatorV2Test">
      <failure message="D:\pyproject\kctsb\tests\test_bgv_evaluator_v2.cpp:309&#x0A;Expected equality of these values:&#x0A;  pt_neg[i]&#x0A;    Which is: 0&#x0A;  249&#x0A;" type=""><![CDATA[D:\pyproject\kctsb\tests\test_bgv_evaluator_v2.cpp:309
Expected equality of these values:
  pt_neg[i]
    Which is: 0
  249
]]></failure>
      <failure message="D:\pyproject\kctsb\tests\test_bgv_evaluator_v2.cpp:309&#x0A;Expected equality of these values:&#x0A;  pt_neg[i]&#x0A;    Which is: 0&#x0A;  249&#x0A;" type=""><![CDATA[D:\pyproject\kctsb\tests\test_bgv_evaluator_v2.cpp:309
Expected equality of these values:
  pt_neg[i]
    Which is: 0
  249
]]></failure>
      <failure message="D:\pyproject\kctsb\tests\test_bgv_evaluator_v2.cpp:309&#x0A;Expected equality of these values:&#x0A;  pt_neg[i]&#x0A;    Which is: 0&#x0A;  249&#x0A;" type=""><![CDATA[D:\pyproject\kctsb\tests\test_bgv_evaluator_v2.cpp:309
Expected equality of these values:
  pt_neg[i]
    Which is: 0
  249
]]></failure>
      <failure message="D:\pyproject\kctsb\tests\test_bgv_evaluator_v2.cpp:309&#x0A;Expected equality of these values:&#x0A;  pt_neg[i]&#x0A;    Which is: 0&#x0A;  249&#x0A;" type=""><![CDATA[D:\pyproject\kctsb\tests\test_bgv_evaluator_v2.cpp:309
Expected equality of these values:
  pt_neg[i]
    Which is: 0
  249
]]></failure>
    </testcase>
    <testcase name="PerformanceIndicator" file="D:\pyproject\kctsb\tests\test_bgv_evaluator_v2.cpp" line="317" status="run" result="completed" time="0." timestamp="2026-01-23T13:11:57.413" classname="BGVEvaluatorV2Test">
      <failure message="unknown file&#x0A;C++ exception with description &quot;NTT form mismatch in addition&quot; thrown in the test body.&#x0A;" type=""><![CDATA[unknown file
C++ exception with description "NTT form mismatch in addition" thrown in the test body.
]]></failure>
    </testcase>
  </testsuite>
</testsuites>
